<?xml version="1.0" encoding="UTF-8"?>
<testng-results ignored="0" total="1" passed="1" failed="0" skipped="0">
  <reporter-output>
  </reporter-output>
  <suite started-at="2024-10-05T10:23:24 IST" name="Default suite" finished-at="2024-10-05T10:23:38 IST" duration-ms="13978">
    <groups>
    </groups>
    <test started-at="2024-10-05T10:23:24 IST" name="Default test" finished-at="2024-10-05T10:23:38 IST" duration-ms="13978">
      <class name="properties.Login">
        <test-method is-config="true" signature="Setup()[pri:0, instance:properties.Login@3012646b]" started-at="2024-10-05T10:23:24 IST" name="Setup" finished-at="2024-10-05T10:23:36 IST" duration-ms="12379" status="PASS">
          <reporter-output>
          </reporter-output>
        </test-method> <!-- Setup -->
        <test-method signature="validLogin()[pri:0, instance:properties.Login@3012646b]" started-at="2024-10-05T10:23:36 IST" name="validLogin" finished-at="2024-10-05T10:23:37 IST" duration-ms="1080" status="PASS">
          <reporter-output>
          </reporter-output>
        </test-method> <!-- validLogin -->
        <test-method is-config="true" signature="tearDon()[pri:0, instance:properties.Login@3012646b]" started-at="2024-10-05T10:23:37 IST" name="tearDon" finished-at="2024-10-05T10:23:38 IST" duration-ms="416" status="PASS">
          <reporter-output>
          </reporter-output>
        </test-method> <!-- tearDon -->
      </class> <!-- properties.Login -->
    </test> <!-- Default test -->
  </suite> <!-- Default suite -->
</testng-results>
